This file contains any messages produced by compilers while
running configure, to aid debugging if configure makes a mistake.

It was created by ortp configure 0.16.3, which was
generated by GNU Autoconf 2.69.  Invocation command line was

  $ ./configure --disable-warnings-as-errors

## --------- ##
## Platform. ##
## --------- ##

hostname = evolas
uname -m = x86_64
uname -r = 4.14.6-300.fc27.x86_64
uname -s = Linux
uname -v = #1 SMP Thu Dec 14 15:31:24 UTC 2017

/usr/bin/uname -p = x86_64
/bin/uname -X     = unknown

/bin/arch              = x86_64
/usr/bin/arch -k       = unknown
/usr/convex/getsysinfo = unknown
/usr/bin/hostinfo      = unknown
/bin/machine           = unknown
/usr/bin/oslevel       = unknown
/bin/universe          = unknown

PATH: /home/anhld/.cargo/bin
PATH: /home/anhld/.cargo/bin
PATH: /home/anhld/.cargo/bin
PATH: /usr/local/bin
PATH: /usr/local/sbin
PATH: /usr/bin
PATH: /usr/sbin
PATH: /home/anhld/bin
PATH: /home/anhld/bin
PATH: /home/anhld/.cargo/bin
PATH: /home/anhld/go/bin
PATH: /home/anhld/Apps/apache-groovy-sdk-2.4.13/groovy-2.4.13/bin


## ----------- ##
## Core tests. ##
## ----------- ##

configure:2308: checking build system type
configure:2322: result: x86_64-pc-linux-gnu
configure:2342: checking host system type
configure:2355: result: x86_64-pc-linux-gnu
configure:2375: checking target system type
configure:2388: result: x86_64-pc-linux-gnu
configure:2454: checking for a BSD-compatible install
configure:2522: result: /usr/bin/install -c
configure:2533: checking whether build environment is sane
configure:2588: result: yes
configure:2739: checking for a thread-safe mkdir -p
configure:2778: result: /usr/bin/mkdir -p
configure:2785: checking for gawk
configure:2801: found /usr/bin/gawk
configure:2812: result: gawk
configure:2823: checking whether make sets $(MAKE)
configure:2845: result: yes
configure:2874: checking whether make supports nested variables
configure:2891: result: yes
configure:2980: checking whether UID '0' is supported by ustar format
configure:2983: result: yes
configure:2990: checking whether GID '0' is supported by ustar format
configure:2993: result: yes
configure:3001: checking how to create a ustar tar archive
configure:3012: tar --version
tar (GNU tar) 1.29
Copyright (C) 2015 Free Software Foundation, Inc.
License GPLv3+: GNU GPL version 3 or later <http://gnu.org/licenses/gpl.html>.
This is free software: you are free to change and redistribute it.
There is NO WARRANTY, to the extent permitted by law.

Written by John Gilmore and Jay Fenlason.
configure:3015: $? = 0
configure:3055: tardir=conftest.dir && eval tar --format=ustar -chf - "$tardir" >conftest.tar
configure:3058: $? = 0
configure:3062: tar -xf - <conftest.tar
configure:3065: $? = 0
configure:3067: cat conftest.dir/file
GrepMe
configure:3070: $? = 0
configure:3083: result: gnutar
configure:3144: checking whether make supports nested variables
configure:3161: result: yes
configure:3197: checking warning make an error on compilation
configure:3342: checking for gcc
configure:3358: found /usr/bin/gcc
configure:3369: result: gcc
configure:3598: checking for C compiler version
configure:3607: gcc --version >&5
gcc (GCC) 7.2.1 20170915 (Red Hat 7.2.1-2)
Copyright (C) 2017 Free Software Foundation, Inc.
This is free software; see the source for copying conditions.  There is NO
warranty; not even for MERCHANTABILITY or FITNESS FOR A PARTICULAR PURPOSE.

configure:3618: $? = 0
configure:3607: gcc -v >&5
Using built-in specs.
COLLECT_GCC=gcc
COLLECT_LTO_WRAPPER=/usr/libexec/gcc/x86_64-redhat-linux/7/lto-wrapper
OFFLOAD_TARGET_NAMES=nvptx-none
OFFLOAD_TARGET_DEFAULT=1
Target: x86_64-redhat-linux
Configured with: ../configure --enable-bootstrap --enable-languages=c,c++,objc,obj-c++,fortran,ada,go,lto --prefix=/usr --mandir=/usr/share/man --infodir=/usr/share/info --with-bugurl=http://bugzilla.redhat.com/bugzilla --enable-shared --enable-threads=posix --enable-checking=release --enable-multilib --with-system-zlib --enable-__cxa_atexit --disable-libunwind-exceptions --enable-gnu-unique-object --enable-linker-build-id --with-gcc-major-version-only --with-linker-hash-style=gnu --enable-plugin --enable-initfini-array --with-isl --enable-libmpx --enable-offload-targets=nvptx-none --without-cuda-driver --enable-gnu-indirect-function --with-tune=generic --with-arch_32=i686 --build=x86_64-redhat-linux
Thread model: posix
gcc version 7.2.1 20170915 (Red Hat 7.2.1-2) (GCC) 
configure:3618: $? = 0
configure:3607: gcc -V >&5
gcc: error: unrecognized command line option '-V'
gcc: fatal error: no input files
compilation terminated.
configure:3618: $? = 1
configure:3607: gcc -qversion >&5
gcc: error: unrecognized command line option '-qversion'; did you mean '--version'?
gcc: fatal error: no input files
compilation terminated.
configure:3618: $? = 1
configure:3638: checking whether the C compiler works
configure:3660: gcc -Wno-unused-but-set-variable -Wno-sizeof-pointer-memaccess   conftest.c  >&5
configure:3664: $? = 0
configure:3712: result: yes
configure:3715: checking for C compiler default output file name
configure:3717: result: a.out
configure:3723: checking for suffix of executables
configure:3730: gcc -o conftest -Wno-unused-but-set-variable -Wno-sizeof-pointer-memaccess   conftest.c  >&5
configure:3734: $? = 0
configure:3756: result: 
configure:3778: checking whether we are cross compiling
configure:3786: gcc -o conftest -Wno-unused-but-set-variable -Wno-sizeof-pointer-memaccess   conftest.c  >&5
configure:3790: $? = 0
configure:3797: ./conftest
configure:3801: $? = 0
configure:3816: result: no
configure:3821: checking for suffix of object files
configure:3843: gcc -c -Wno-unused-but-set-variable -Wno-sizeof-pointer-memaccess  conftest.c >&5
configure:3847: $? = 0
configure:3868: result: o
configure:3872: checking whether we are using the GNU C compiler
configure:3891: gcc -c -Wno-unused-but-set-variable -Wno-sizeof-pointer-memaccess  conftest.c >&5
configure:3891: $? = 0
configure:3900: result: yes
configure:3909: checking whether gcc accepts -g
configure:3929: gcc -c -g  conftest.c >&5
configure:3929: $? = 0
configure:3970: result: yes
configure:3987: checking for gcc option to accept ISO C89
configure:4050: gcc  -c -Wno-unused-but-set-variable -Wno-sizeof-pointer-memaccess  conftest.c >&5
configure:4050: $? = 0
configure:4063: result: none needed
configure:4088: checking whether gcc understands -c and -o together
configure:4110: gcc -c conftest.c -o conftest2.o
configure:4113: $? = 0
configure:4110: gcc -c conftest.c -o conftest2.o
configure:4113: $? = 0
configure:4125: result: yes
configure:4153: checking for style of include used by make
configure:4181: result: GNU
configure:4207: checking dependency style of gcc
configure:4318: result: gcc3
configure:4682: checking how to print strings
configure:4709: result: printf
configure:4730: checking for a sed that does not truncate output
configure:4794: result: /usr/bin/sed
configure:4812: checking for grep that handles long lines and -e
configure:4870: result: /usr/bin/grep
configure:4875: checking for egrep
configure:4937: result: /usr/bin/grep -E
configure:4942: checking for fgrep
configure:5004: result: /usr/bin/grep -F
configure:5039: checking for ld used by gcc
configure:5106: result: /usr/bin/ld
configure:5113: checking if the linker (/usr/bin/ld) is GNU ld
configure:5128: result: yes
configure:5140: checking for BSD- or MS-compatible name lister (nm)
configure:5194: result: /usr/bin/nm -B
configure:5324: checking the name lister (/usr/bin/nm -B) interface
configure:5331: gcc -c -Wno-unused-but-set-variable -Wno-sizeof-pointer-memaccess  conftest.c >&5
configure:5334: /usr/bin/nm -B "conftest.o"
configure:5337: output
0000000000000000 B some_variable
configure:5344: result: BSD nm
configure:5347: checking whether ln -s works
configure:5351: result: yes
configure:5359: checking the maximum length of command line arguments
configure:5490: result: 1572864
configure:5538: checking how to convert x86_64-pc-linux-gnu file names to x86_64-pc-linux-gnu format
configure:5578: result: func_convert_file_noop
configure:5585: checking how to convert x86_64-pc-linux-gnu file names to toolchain format
configure:5605: result: func_convert_file_noop
configure:5612: checking for /usr/bin/ld option to reload object files
configure:5619: result: -r
configure:5693: checking for objdump
configure:5720: result: objdump
configure:5749: checking how to recognize dependent libraries
configure:5949: result: pass_all
configure:6034: checking for dlltool
configure:6061: result: dlltool
configure:6091: checking how to associate runtime and link libraries
configure:6118: result: printf %s\n
configure:6179: checking for ar
configure:6195: found /usr/bin/ar
configure:6206: result: ar
configure:6243: checking for archiver @FILE support
configure:6260: gcc -c -Wno-unused-but-set-variable -Wno-sizeof-pointer-memaccess  conftest.c >&5
configure:6260: $? = 0
configure:6263: ar cru libconftest.a @conftest.lst >&5
configure:6266: $? = 0
configure:6271: ar cru libconftest.a @conftest.lst >&5
ar: conftest.o: No such file or directory
configure:6274: $? = 1
configure:6286: result: @
configure:6344: checking for strip
configure:6360: found /usr/bin/strip
configure:6371: result: strip
configure:6443: checking for ranlib
configure:6459: found /usr/bin/ranlib
configure:6470: result: ranlib
configure:6572: checking command to parse /usr/bin/nm -B output from gcc object
configure:6725: gcc -c -Wno-unused-but-set-variable -Wno-sizeof-pointer-memaccess  conftest.c >&5
configure:6728: $? = 0
configure:6732: /usr/bin/nm -B conftest.o \| sed -n -e 's/^.*[ ]\([ABCDGIRSTW][ABCDGIRSTW]*\)[ ][ ]*\([_A-Za-z][_A-Za-z0-9]*\)$/\1 \2 \2/p' | sed '/ __gnu_lto/d' \> conftest.nm
configure:6735: $? = 0
configure:6801: gcc -o conftest -Wno-unused-but-set-variable -Wno-sizeof-pointer-memaccess   conftest.c conftstm.o >&5
configure:6804: $? = 0
configure:6842: result: ok
configure:6889: checking for sysroot
configure:6919: result: no
configure:6926: checking for a working dd
configure:6964: result: /usr/bin/dd
configure:6968: checking how to truncate binary pipes
configure:6983: result: /usr/bin/dd bs=4096 count=1
configure:7119: gcc -c -Wno-unused-but-set-variable -Wno-sizeof-pointer-memaccess  conftest.c >&5
configure:7122: $? = 0
configure:7312: checking for mt
configure:7342: result: no
configure:7362: checking if : is a manifest tool
configure:7368: : '-?'
configure:7376: result: no
configure:8053: checking how to run the C preprocessor
configure:8084: gcc -E  conftest.c
configure:8084: $? = 0
configure:8098: gcc -E  conftest.c
conftest.c:15:10: fatal error: ac_nonexistent.h: No such file or directory
 #include <ac_nonexistent.h>
          ^~~~~~~~~~~~~~~~~~
compilation terminated.
configure:8098: $? = 1
configure: failed program was:
| /* confdefs.h */
| #define PACKAGE_NAME "ortp"
| #define PACKAGE_TARNAME "ortp"
| #define PACKAGE_VERSION "0.16.3"
| #define PACKAGE_STRING "ortp 0.16.3"
| #define PACKAGE_BUGREPORT ""
| #define PACKAGE_URL ""
| #define PACKAGE "ortp"
| #define VERSION "0.16.3"
| #define ORTP_MAJOR_VERSION 0
| #define ORTP_MINOR_VERSION 16
| #define ORTP_MICRO_VERSION 3
| #define ORTP_VERSION "0.16.3"
| /* end confdefs.h.  */
| #include <ac_nonexistent.h>
configure:8123: result: gcc -E
configure:8143: gcc -E  conftest.c
configure:8143: $? = 0
configure:8157: gcc -E  conftest.c
conftest.c:15:10: fatal error: ac_nonexistent.h: No such file or directory
 #include <ac_nonexistent.h>
          ^~~~~~~~~~~~~~~~~~
compilation terminated.
configure:8157: $? = 1
configure: failed program was:
| /* confdefs.h */
| #define PACKAGE_NAME "ortp"
| #define PACKAGE_TARNAME "ortp"
| #define PACKAGE_VERSION "0.16.3"
| #define PACKAGE_STRING "ortp 0.16.3"
| #define PACKAGE_BUGREPORT ""
| #define PACKAGE_URL ""
| #define PACKAGE "ortp"
| #define VERSION "0.16.3"
| #define ORTP_MAJOR_VERSION 0
| #define ORTP_MINOR_VERSION 16
| #define ORTP_MICRO_VERSION 3
| #define ORTP_VERSION "0.16.3"
| /* end confdefs.h.  */
| #include <ac_nonexistent.h>
configure:8186: checking for ANSI C header files
configure:8206: gcc -c -Wno-unused-but-set-variable -Wno-sizeof-pointer-memaccess  conftest.c >&5
configure:8206: $? = 0
configure:8279: gcc -o conftest -Wno-unused-but-set-variable -Wno-sizeof-pointer-memaccess   conftest.c  >&5
configure:8279: $? = 0
configure:8279: ./conftest
configure:8279: $? = 0
configure:8290: result: yes
configure:8303: checking for sys/types.h
configure:8303: gcc -c -Wno-unused-but-set-variable -Wno-sizeof-pointer-memaccess  conftest.c >&5
configure:8303: $? = 0
configure:8303: result: yes
configure:8303: checking for sys/stat.h
configure:8303: gcc -c -Wno-unused-but-set-variable -Wno-sizeof-pointer-memaccess  conftest.c >&5
configure:8303: $? = 0
configure:8303: result: yes
configure:8303: checking for stdlib.h
configure:8303: gcc -c -Wno-unused-but-set-variable -Wno-sizeof-pointer-memaccess  conftest.c >&5
configure:8303: $? = 0
configure:8303: result: yes
configure:8303: checking for string.h
configure:8303: gcc -c -Wno-unused-but-set-variable -Wno-sizeof-pointer-memaccess  conftest.c >&5
configure:8303: $? = 0
configure:8303: result: yes
configure:8303: checking for memory.h
configure:8303: gcc -c -Wno-unused-but-set-variable -Wno-sizeof-pointer-memaccess  conftest.c >&5
configure:8303: $? = 0
configure:8303: result: yes
configure:8303: checking for strings.h
configure:8303: gcc -c -Wno-unused-but-set-variable -Wno-sizeof-pointer-memaccess  conftest.c >&5
configure:8303: $? = 0
configure:8303: result: yes
configure:8303: checking for inttypes.h
configure:8303: gcc -c -Wno-unused-but-set-variable -Wno-sizeof-pointer-memaccess  conftest.c >&5
configure:8303: $? = 0
configure:8303: result: yes
configure:8303: checking for stdint.h
configure:8303: gcc -c -Wno-unused-but-set-variable -Wno-sizeof-pointer-memaccess  conftest.c >&5
configure:8303: $? = 0
configure:8303: result: yes
configure:8303: checking for unistd.h
configure:8303: gcc -c -Wno-unused-but-set-variable -Wno-sizeof-pointer-memaccess  conftest.c >&5
configure:8303: $? = 0
configure:8303: result: yes
configure:8317: checking for dlfcn.h
configure:8317: gcc -c -Wno-unused-but-set-variable -Wno-sizeof-pointer-memaccess  conftest.c >&5
configure:8317: $? = 0
configure:8317: result: yes
configure:8571: checking for objdir
configure:8586: result: .libs
configure:8846: checking if gcc supports -fno-rtti -fno-exceptions
configure:8864: gcc -c -Wno-unused-but-set-variable -Wno-sizeof-pointer-memaccess  -fno-rtti -fno-exceptions conftest.c >&5
cc1: warning: command line option '-fno-rtti' is valid for C++/ObjC++ but not for C
configure:8868: $? = 0
configure:8881: result: no
configure:9239: checking for gcc option to produce PIC
configure:9246: result: -fPIC -DPIC
configure:9254: checking if gcc PIC flag -fPIC -DPIC works
configure:9272: gcc -c -Wno-unused-but-set-variable -Wno-sizeof-pointer-memaccess  -fPIC -DPIC -DPIC conftest.c >&5
configure:9276: $? = 0
configure:9289: result: yes
configure:9318: checking if gcc static flag -static works
configure:9346: result: no
configure:9361: checking if gcc supports -c -o file.o
configure:9382: gcc -c -Wno-unused-but-set-variable -Wno-sizeof-pointer-memaccess  -o out/conftest2.o conftest.c >&5
configure:9386: $? = 0
configure:9408: result: yes
configure:9416: checking if gcc supports -c -o file.o
configure:9463: result: yes
configure:9496: checking whether the gcc linker (/usr/bin/ld -m elf_x86_64) supports shared libraries
configure:10759: result: yes
configure:10796: checking whether -lc should be explicitly linked in
configure:10804: gcc -c -Wno-unused-but-set-variable -Wno-sizeof-pointer-memaccess  conftest.c >&5
configure:10807: $? = 0
configure:10822: gcc -shared  -fPIC -DPIC conftest.o  -v -Wl,-soname -Wl,conftest -o conftest 2\>\&1 \| /usr/bin/grep  -lc  \>/dev/null 2\>\&1
configure:10825: $? = 0
configure:10839: result: no
configure:10999: checking dynamic linker characteristics
configure:11580: gcc -o conftest -Wno-unused-but-set-variable -Wno-sizeof-pointer-memaccess   -Wl,-rpath -Wl,/foo conftest.c  >&5
configure:11580: $? = 0
configure:11829: result: GNU/Linux ld.so
configure:11951: checking how to hardcode library paths into programs
configure:11976: result: immediate
configure:12524: checking whether stripping libraries is possible
configure:12529: result: yes
configure:12564: checking if libtool supports shared libraries
configure:12566: result: yes
configure:12569: checking whether to build shared libraries
configure:12594: result: yes
configure:12597: checking whether to build static libraries
configure:12601: result: yes
configure:12710: checking for seteuid
configure:12710: gcc -o conftest -Wno-unused-but-set-variable -Wno-sizeof-pointer-memaccess -Wall   conftest.c  >&5
configure:12710: $? = 0
configure:12710: result: yes
configure:12721: checking for pthread_mutex_init in -lpthread
configure:12746: gcc -o conftest -Wno-unused-but-set-variable -Wno-sizeof-pointer-memaccess -Wall   conftest.c -lpthread   >&5
configure:12746: $? = 0
configure:12755: result: yes
configure:12806: checking srtp/srtp.h usability
configure:12806: gcc -c -Wno-unused-but-set-variable -Wno-sizeof-pointer-memaccess -Wall  conftest.c >&5
conftest.c:62:10: fatal error: srtp/srtp.h: No such file or directory
 #include <srtp/srtp.h>
          ^~~~~~~~~~~~~
compilation terminated.
configure:12806: $? = 1
configure: failed program was:
| /* confdefs.h */
| #define PACKAGE_NAME "ortp"
| #define PACKAGE_TARNAME "ortp"
| #define PACKAGE_VERSION "0.16.3"
| #define PACKAGE_STRING "ortp 0.16.3"
| #define PACKAGE_BUGREPORT ""
| #define PACKAGE_URL ""
| #define PACKAGE "ortp"
| #define VERSION "0.16.3"
| #define ORTP_MAJOR_VERSION 0
| #define ORTP_MINOR_VERSION 16
| #define ORTP_MICRO_VERSION 3
| #define ORTP_VERSION "0.16.3"
| #define STDC_HEADERS 1
| #define HAVE_SYS_TYPES_H 1
| #define HAVE_SYS_STAT_H 1
| #define HAVE_STDLIB_H 1
| #define HAVE_STRING_H 1
| #define HAVE_MEMORY_H 1
| #define HAVE_STRINGS_H 1
| #define HAVE_INTTYPES_H 1
| #define HAVE_STDINT_H 1
| #define HAVE_UNISTD_H 1
| #define HAVE_DLFCN_H 1
| #define LT_OBJDIR ".libs/"
| #define HAVE_SETEUID 1
| #define ORTP_DEFAULT_THREAD_STACK_SIZE 0
| /* end confdefs.h.  */
| #include <stdio.h>
| #ifdef HAVE_SYS_TYPES_H
| # include <sys/types.h>
| #endif
| #ifdef HAVE_SYS_STAT_H
| # include <sys/stat.h>
| #endif
| #ifdef STDC_HEADERS
| # include <stdlib.h>
| # include <stddef.h>
| #else
| # ifdef HAVE_STDLIB_H
| #  include <stdlib.h>
| # endif
| #endif
| #ifdef HAVE_STRING_H
| # if !defined STDC_HEADERS && defined HAVE_MEMORY_H
| #  include <memory.h>
| # endif
| # include <string.h>
| #endif
| #ifdef HAVE_STRINGS_H
| # include <strings.h>
| #endif
| #ifdef HAVE_INTTYPES_H
| # include <inttypes.h>
| #endif
| #ifdef HAVE_STDINT_H
| # include <stdint.h>
| #endif
| #ifdef HAVE_UNISTD_H
| # include <unistd.h>
| #endif
| #include <srtp/srtp.h>
configure:12806: result: no
configure:12806: checking srtp/srtp.h presence
configure:12806: gcc -E  conftest.c
conftest.c:29:10: fatal error: srtp/srtp.h: No such file or directory
 #include <srtp/srtp.h>
          ^~~~~~~~~~~~~
compilation terminated.
configure:12806: $? = 1
configure: failed program was:
| /* confdefs.h */
| #define PACKAGE_NAME "ortp"
| #define PACKAGE_TARNAME "ortp"
| #define PACKAGE_VERSION "0.16.3"
| #define PACKAGE_STRING "ortp 0.16.3"
| #define PACKAGE_BUGREPORT ""
| #define PACKAGE_URL ""
| #define PACKAGE "ortp"
| #define VERSION "0.16.3"
| #define ORTP_MAJOR_VERSION 0
| #define ORTP_MINOR_VERSION 16
| #define ORTP_MICRO_VERSION 3
| #define ORTP_VERSION "0.16.3"
| #define STDC_HEADERS 1
| #define HAVE_SYS_TYPES_H 1
| #define HAVE_SYS_STAT_H 1
| #define HAVE_STDLIB_H 1
| #define HAVE_STRING_H 1
| #define HAVE_MEMORY_H 1
| #define HAVE_STRINGS_H 1
| #define HAVE_INTTYPES_H 1
| #define HAVE_STDINT_H 1
| #define HAVE_UNISTD_H 1
| #define HAVE_DLFCN_H 1
| #define LT_OBJDIR ".libs/"
| #define HAVE_SETEUID 1
| #define ORTP_DEFAULT_THREAD_STACK_SIZE 0
| /* end confdefs.h.  */
| #include <srtp/srtp.h>
configure:12806: result: no
configure:12806: checking for srtp/srtp.h
configure:12806: result: no
configure:12817: checking for srtp_init in -lsrtp
configure:12842: gcc -o conftest -Wno-unused-but-set-variable -Wno-sizeof-pointer-memaccess -Wall   -lsrtp conftest.c -lsrtp   >&5
/usr/bin/ld: cannot find -lsrtp
/usr/bin/ld: cannot find -lsrtp
collect2: error: ld returned 1 exit status
configure:12842: $? = 1
configure: failed program was:
| /* confdefs.h */
| #define PACKAGE_NAME "ortp"
| #define PACKAGE_TARNAME "ortp"
| #define PACKAGE_VERSION "0.16.3"
| #define PACKAGE_STRING "ortp 0.16.3"
| #define PACKAGE_BUGREPORT ""
| #define PACKAGE_URL ""
| #define PACKAGE "ortp"
| #define VERSION "0.16.3"
| #define ORTP_MAJOR_VERSION 0
| #define ORTP_MINOR_VERSION 16
| #define ORTP_MICRO_VERSION 3
| #define ORTP_VERSION "0.16.3"
| #define STDC_HEADERS 1
| #define HAVE_SYS_TYPES_H 1
| #define HAVE_SYS_STAT_H 1
| #define HAVE_STDLIB_H 1
| #define HAVE_STRING_H 1
| #define HAVE_MEMORY_H 1
| #define HAVE_STRINGS_H 1
| #define HAVE_INTTYPES_H 1
| #define HAVE_STDINT_H 1
| #define HAVE_UNISTD_H 1
| #define HAVE_DLFCN_H 1
| #define LT_OBJDIR ".libs/"
| #define HAVE_SETEUID 1
| #define ORTP_DEFAULT_THREAD_STACK_SIZE 0
| /* end confdefs.h.  */
| 
| /* Override any GCC internal prototype to avoid an error.
|    Use char because int might match the return type of a GCC
|    builtin and then its argument prototype would still apply.  */
| #ifdef __cplusplus
| extern "C"
| #endif
| char srtp_init ();
| int
| main ()
| {
| return srtp_init ();
|   ;
|   return 0;
| }
configure:12851: result: no
configure:12866: Could not find libsrtp headers or lib, cryto transport disabled.
configure:12921: checking for ANSI C header files
configure:13025: result: yes
configure:13036: checking poll.h usability
configure:13036: gcc -c -Wno-unused-but-set-variable -Wno-sizeof-pointer-memaccess -Wall  conftest.c >&5
configure:13036: $? = 0
configure:13036: result: yes
configure:13036: checking poll.h presence
configure:13036: gcc -E  conftest.c
configure:13036: $? = 0
configure:13036: result: yes
configure:13036: checking for poll.h
configure:13036: result: yes
configure:13036: checking sys/poll.h usability
configure:13036: gcc -c -Wno-unused-but-set-variable -Wno-sizeof-pointer-memaccess -Wall  conftest.c >&5
configure:13036: $? = 0
configure:13036: result: yes
configure:13036: checking sys/poll.h presence
configure:13036: gcc -E  conftest.c
configure:13036: $? = 0
configure:13036: result: yes
configure:13036: checking for sys/poll.h
configure:13036: result: yes
configure:13036: checking sys/uio.h usability
configure:13036: gcc -c -Wno-unused-but-set-variable -Wno-sizeof-pointer-memaccess -Wall  conftest.c >&5
configure:13036: $? = 0
configure:13036: result: yes
configure:13036: checking sys/uio.h presence
configure:13036: gcc -E  conftest.c
configure:13036: $? = 0
configure:13036: result: yes
configure:13036: checking for sys/uio.h
configure:13036: result: yes
configure:13036: checking fcntl.h usability
configure:13036: gcc -c -Wno-unused-but-set-variable -Wno-sizeof-pointer-memaccess -Wall  conftest.c >&5
configure:13036: $? = 0
configure:13036: result: yes
configure:13036: checking fcntl.h presence
configure:13036: gcc -E  conftest.c
configure:13036: $? = 0
configure:13036: result: yes
configure:13036: checking for fcntl.h
configure:13036: result: yes
configure:13036: checking sys/time.h usability
configure:13036: gcc -c -Wno-unused-but-set-variable -Wno-sizeof-pointer-memaccess -Wall  conftest.c >&5
configure:13036: $? = 0
configure:13036: result: yes
configure:13036: checking sys/time.h presence
configure:13036: gcc -E  conftest.c
configure:13036: $? = 0
configure:13036: result: yes
configure:13036: checking for sys/time.h
configure:13036: result: yes
configure:13036: checking for unistd.h
configure:13036: result: yes
configure:13036: checking sys/audio.h usability
configure:13036: gcc -c -Wno-unused-but-set-variable -Wno-sizeof-pointer-memaccess -Wall  conftest.c >&5
conftest.c:70:10: fatal error: sys/audio.h: No such file or directory
 #include <sys/audio.h>
          ^~~~~~~~~~~~~
compilation terminated.
configure:13036: $? = 1
configure: failed program was:
| /* confdefs.h */
| #define PACKAGE_NAME "ortp"
| #define PACKAGE_TARNAME "ortp"
| #define PACKAGE_VERSION "0.16.3"
| #define PACKAGE_STRING "ortp 0.16.3"
| #define PACKAGE_BUGREPORT ""
| #define PACKAGE_URL ""
| #define PACKAGE "ortp"
| #define VERSION "0.16.3"
| #define ORTP_MAJOR_VERSION 0
| #define ORTP_MINOR_VERSION 16
| #define ORTP_MICRO_VERSION 3
| #define ORTP_VERSION "0.16.3"
| #define STDC_HEADERS 1
| #define HAVE_SYS_TYPES_H 1
| #define HAVE_SYS_STAT_H 1
| #define HAVE_STDLIB_H 1
| #define HAVE_STRING_H 1
| #define HAVE_MEMORY_H 1
| #define HAVE_STRINGS_H 1
| #define HAVE_INTTYPES_H 1
| #define HAVE_STDINT_H 1
| #define HAVE_UNISTD_H 1
| #define HAVE_DLFCN_H 1
| #define LT_OBJDIR ".libs/"
| #define HAVE_SETEUID 1
| #define ORTP_DEFAULT_THREAD_STACK_SIZE 0
| #define SO_REUSE_ADDR 1
| #define STDC_HEADERS 1
| #define HAVE_POLL_H 1
| #define HAVE_SYS_POLL_H 1
| #define HAVE_SYS_UIO_H 1
| #define HAVE_FCNTL_H 1
| #define HAVE_SYS_TIME_H 1
| #define HAVE_UNISTD_H 1
| /* end confdefs.h.  */
| #include <stdio.h>
| #ifdef HAVE_SYS_TYPES_H
| # include <sys/types.h>
| #endif
| #ifdef HAVE_SYS_STAT_H
| # include <sys/stat.h>
| #endif
| #ifdef STDC_HEADERS
| # include <stdlib.h>
| # include <stddef.h>
| #else
| # ifdef HAVE_STDLIB_H
| #  include <stdlib.h>
| # endif
| #endif
| #ifdef HAVE_STRING_H
| # if !defined STDC_HEADERS && defined HAVE_MEMORY_H
| #  include <memory.h>
| # endif
| # include <string.h>
| #endif
| #ifdef HAVE_STRINGS_H
| # include <strings.h>
| #endif
| #ifdef HAVE_INTTYPES_H
| # include <inttypes.h>
| #endif
| #ifdef HAVE_STDINT_H
| # include <stdint.h>
| #endif
| #ifdef HAVE_UNISTD_H
| # include <unistd.h>
| #endif
| #include <sys/audio.h>
configure:13036: result: no
configure:13036: checking sys/audio.h presence
configure:13036: gcc -E  conftest.c
conftest.c:37:10: fatal error: sys/audio.h: No such file or directory
 #include <sys/audio.h>
          ^~~~~~~~~~~~~
compilation terminated.
configure:13036: $? = 1
configure: failed program was:
| /* confdefs.h */
| #define PACKAGE_NAME "ortp"
| #define PACKAGE_TARNAME "ortp"
| #define PACKAGE_VERSION "0.16.3"
| #define PACKAGE_STRING "ortp 0.16.3"
| #define PACKAGE_BUGREPORT ""
| #define PACKAGE_URL ""
| #define PACKAGE "ortp"
| #define VERSION "0.16.3"
| #define ORTP_MAJOR_VERSION 0
| #define ORTP_MINOR_VERSION 16
| #define ORTP_MICRO_VERSION 3
| #define ORTP_VERSION "0.16.3"
| #define STDC_HEADERS 1
| #define HAVE_SYS_TYPES_H 1
| #define HAVE_SYS_STAT_H 1
| #define HAVE_STDLIB_H 1
| #define HAVE_STRING_H 1
| #define HAVE_MEMORY_H 1
| #define HAVE_STRINGS_H 1
| #define HAVE_INTTYPES_H 1
| #define HAVE_STDINT_H 1
| #define HAVE_UNISTD_H 1
| #define HAVE_DLFCN_H 1
| #define LT_OBJDIR ".libs/"
| #define HAVE_SETEUID 1
| #define ORTP_DEFAULT_THREAD_STACK_SIZE 0
| #define SO_REUSE_ADDR 1
| #define STDC_HEADERS 1
| #define HAVE_POLL_H 1
| #define HAVE_SYS_POLL_H 1
| #define HAVE_SYS_UIO_H 1
| #define HAVE_FCNTL_H 1
| #define HAVE_SYS_TIME_H 1
| #define HAVE_UNISTD_H 1
| /* end confdefs.h.  */
| #include <sys/audio.h>
configure:13036: result: no
configure:13036: checking for sys/audio.h
configure:13036: result: no
configure:13036: checking linux/soundcard.h usability
configure:13036: gcc -c -Wno-unused-but-set-variable -Wno-sizeof-pointer-memaccess -Wall  conftest.c >&5
configure:13036: $? = 0
configure:13036: result: yes
configure:13036: checking linux/soundcard.h presence
configure:13036: gcc -E  conftest.c
configure:13036: $? = 0
configure:13036: result: yes
configure:13036: checking for linux/soundcard.h
configure:13036: result: yes
configure:13036: checking sys/shm.h usability
configure:13036: gcc -c -Wno-unused-but-set-variable -Wno-sizeof-pointer-memaccess -Wall  conftest.c >&5
configure:13036: $? = 0
configure:13036: result: yes
configure:13036: checking sys/shm.h presence
configure:13036: gcc -E  conftest.c
configure:13036: $? = 0
configure:13036: result: yes
configure:13036: checking for sys/shm.h
configure:13036: result: yes
configure:13047: checking for an ANSI C-conforming const
configure:13113: gcc -c -Wno-unused-but-set-variable -Wno-sizeof-pointer-memaccess -Wall  conftest.c >&5
configure:13113: $? = 0
configure:13120: result: yes
configure:13128: checking for inline
configure:13144: gcc -c -Wno-unused-but-set-variable -Wno-sizeof-pointer-memaccess -Wall  conftest.c >&5
configure:13144: $? = 0
configure:13152: result: inline
configure:13170: checking whether time.h and sys/time.h may both be included
configure:13190: gcc -c -Wno-unused-but-set-variable -Wno-sizeof-pointer-memaccess -Wall  conftest.c >&5
configure:13190: $? = 0
configure:13197: result: yes
configure:13205: checking whether byte ordering is bigendian
configure:13220: gcc -c -Wno-unused-but-set-variable -Wno-sizeof-pointer-memaccess -Wall  conftest.c >&5
conftest.c:41:9: error: unknown type name 'not'
         not a universal capable compiler
         ^~~
conftest.c:41:15: error: expected '=', ',', ';', 'asm' or '__attribute__' before 'universal'
         not a universal capable compiler
               ^~~~~~~~~
conftest.c:41:15: error: unknown type name 'universal'
configure:13220: $? = 1
configure: failed program was:
| /* confdefs.h */
| #define PACKAGE_NAME "ortp"
| #define PACKAGE_TARNAME "ortp"
| #define PACKAGE_VERSION "0.16.3"
| #define PACKAGE_STRING "ortp 0.16.3"
| #define PACKAGE_BUGREPORT ""
| #define PACKAGE_URL ""
| #define PACKAGE "ortp"
| #define VERSION "0.16.3"
| #define ORTP_MAJOR_VERSION 0
| #define ORTP_MINOR_VERSION 16
| #define ORTP_MICRO_VERSION 3
| #define ORTP_VERSION "0.16.3"
| #define STDC_HEADERS 1
| #define HAVE_SYS_TYPES_H 1
| #define HAVE_SYS_STAT_H 1
| #define HAVE_STDLIB_H 1
| #define HAVE_STRING_H 1
| #define HAVE_MEMORY_H 1
| #define HAVE_STRINGS_H 1
| #define HAVE_INTTYPES_H 1
| #define HAVE_STDINT_H 1
| #define HAVE_UNISTD_H 1
| #define HAVE_DLFCN_H 1
| #define LT_OBJDIR ".libs/"
| #define HAVE_SETEUID 1
| #define ORTP_DEFAULT_THREAD_STACK_SIZE 0
| #define SO_REUSE_ADDR 1
| #define STDC_HEADERS 1
| #define HAVE_POLL_H 1
| #define HAVE_SYS_POLL_H 1
| #define HAVE_SYS_UIO_H 1
| #define HAVE_FCNTL_H 1
| #define HAVE_SYS_TIME_H 1
| #define HAVE_UNISTD_H 1
| #define HAVE_LINUX_SOUNDCARD_H 1
| #define HAVE_SYS_SHM_H 1
| #define TIME_WITH_SYS_TIME 1
| /* end confdefs.h.  */
| #ifndef __APPLE_CC__
| 	       not a universal capable compiler
| 	     #endif
| 	     typedef int dummy;
| 
configure:13265: gcc -c -Wno-unused-but-set-variable -Wno-sizeof-pointer-memaccess -Wall  conftest.c >&5
configure:13265: $? = 0
configure:13283: gcc -c -Wno-unused-but-set-variable -Wno-sizeof-pointer-memaccess -Wall  conftest.c >&5
conftest.c: In function 'main':
conftest.c:47:4: error: unknown type name 'not'; did you mean 'ino_t'?
    not big endian
    ^~~
    ino_t
conftest.c:47:12: error: expected '=', ',', ';', 'asm' or '__attribute__' before 'endian'
    not big endian
            ^~~~~~
configure:13283: $? = 1
configure: failed program was:
| /* confdefs.h */
| #define PACKAGE_NAME "ortp"
| #define PACKAGE_TARNAME "ortp"
| #define PACKAGE_VERSION "0.16.3"
| #define PACKAGE_STRING "ortp 0.16.3"
| #define PACKAGE_BUGREPORT ""
| #define PACKAGE_URL ""
| #define PACKAGE "ortp"
| #define VERSION "0.16.3"
| #define ORTP_MAJOR_VERSION 0
| #define ORTP_MINOR_VERSION 16
| #define ORTP_MICRO_VERSION 3
| #define ORTP_VERSION "0.16.3"
| #define STDC_HEADERS 1
| #define HAVE_SYS_TYPES_H 1
| #define HAVE_SYS_STAT_H 1
| #define HAVE_STDLIB_H 1
| #define HAVE_STRING_H 1
| #define HAVE_MEMORY_H 1
| #define HAVE_STRINGS_H 1
| #define HAVE_INTTYPES_H 1
| #define HAVE_STDINT_H 1
| #define HAVE_UNISTD_H 1
| #define HAVE_DLFCN_H 1
| #define LT_OBJDIR ".libs/"
| #define HAVE_SETEUID 1
| #define ORTP_DEFAULT_THREAD_STACK_SIZE 0
| #define SO_REUSE_ADDR 1
| #define STDC_HEADERS 1
| #define HAVE_POLL_H 1
| #define HAVE_SYS_POLL_H 1
| #define HAVE_SYS_UIO_H 1
| #define HAVE_FCNTL_H 1
| #define HAVE_SYS_TIME_H 1
| #define HAVE_UNISTD_H 1
| #define HAVE_LINUX_SOUNDCARD_H 1
| #define HAVE_SYS_SHM_H 1
| #define TIME_WITH_SYS_TIME 1
| /* end confdefs.h.  */
| #include <sys/types.h>
| 		#include <sys/param.h>
| 
| int
| main ()
| {
| #if BYTE_ORDER != BIG_ENDIAN
| 		 not big endian
| 		#endif
| 
|   ;
|   return 0;
| }
configure:13411: result: no
configure:13436: checking for select
configure:13436: gcc -o conftest -Wno-unused-but-set-variable -Wno-sizeof-pointer-memaccess -Wall   conftest.c  >&5
configure:13436: $? = 0
configure:13436: result: yes
configure:13436: checking for socket
configure:13436: gcc -o conftest -Wno-unused-but-set-variable -Wno-sizeof-pointer-memaccess -Wall   conftest.c  >&5
configure:13436: $? = 0
configure:13436: result: yes
configure:13436: checking for strerror
configure:13436: gcc -o conftest -Wno-unused-but-set-variable -Wno-sizeof-pointer-memaccess -Wall   conftest.c  >&5
configure:13436: $? = 0
configure:13436: result: yes
configure:13480: checking openssl/hmac.h usability
configure:13480: gcc -c -Wno-unused-but-set-variable -Wno-sizeof-pointer-memaccess -Wall -Werror   conftest.c >&5
configure:13480: $? = 0
configure:13480: result: yes
configure:13480: checking openssl/hmac.h presence
configure:13480: gcc -E  conftest.c
configure:13480: $? = 0
configure:13480: result: yes
configure:13480: checking for openssl/hmac.h
configure:13480: result: yes
configure:13480: checking openssl/md5.h usability
configure:13480: gcc -c -Wno-unused-but-set-variable -Wno-sizeof-pointer-memaccess -Wall -Werror   conftest.c >&5
configure:13480: $? = 0
configure:13480: result: yes
configure:13480: checking openssl/md5.h presence
configure:13480: gcc -E  conftest.c
configure:13480: $? = 0
configure:13480: result: yes
configure:13480: checking for openssl/md5.h
configure:13480: result: yes
configure:13490: checking for SSL_CTX_new in -lssl
configure:13515: gcc -o conftest -Wno-unused-but-set-variable -Wno-sizeof-pointer-memaccess -Wall -Werror    conftest.c -lssl   >&5
configure:13515: $? = 0
configure:13524: result: yes
configure:13530: checking for MD5 in -lcrypto
configure:13555: gcc -o conftest -Wno-unused-but-set-variable -Wno-sizeof-pointer-memaccess -Wall -Werror    conftest.c -lcrypto   >&5
configure:13555: $? = 0
configure:13564: result: yes
configure:13587: checking for doxygen
configure:13605: found /usr/bin/doxygen
configure:13618: result: /usr/bin/doxygen
configure:13639: checking for epm
configure:13670: result: false
configure:13680: checking for mkepmlist
configure:13711: result: false
configure:13721: checking for epminstall
configure:13752: result: false
configure:13942: checking that generated files are newer than configure
configure:13948: result: done
configure:13984: creating ./config.status

## ---------------------- ##
## Running config.status. ##
## ---------------------- ##

This file was extended by ortp config.status 0.16.3, which was
generated by GNU Autoconf 2.69.  Invocation command line was

  CONFIG_FILES    = 
  CONFIG_HEADERS  = 
  CONFIG_LINKS    = 
  CONFIG_COMMANDS = 
  $ ./config.status 

on evolas

config.status:1159: creating Makefile
config.status:1159: creating include/Makefile
config.status:1159: creating include/ortp/Makefile
config.status:1159: creating src/Makefile
config.status:1159: creating src/tests/Makefile
config.status:1159: creating src/tests/win_receiver/Makefile
config.status:1159: creating src/tests/win_sender/Makefile
config.status:1159: creating build/Makefile
config.status:1159: creating build/win32native/Makefile
config.status:1159: creating build/wince/Makefile
config.status:1159: creating build/winmob/Makefile
config.status:1159: creating ortp.pc
config.status:1159: creating ortp.spec
config.status:1159: creating ortp.doxygen
config.status:1159: creating ortp-config.h
config.status:1340: ortp-config.h is unchanged
config.status:1388: executing libtool-hacking commands
config.status:1388: executing depfiles commands
config.status:1388: executing libtool commands
configure:16150: WARNING: unrecognized options: --disable-warnings-as-errors
configure:16156: WARNING: ortp-0.15.0 breaks compatibility with older releases, because value returned by rtp_session_recvm_with_ts() has
	changed. See the API documentation in doc/ for further readings.

## ---------------- ##
## Cache variables. ##
## ---------------- ##

ac_cv_build=x86_64-pc-linux-gnu
ac_cv_c_bigendian=no
ac_cv_c_compiler_gnu=yes
ac_cv_c_const=yes
ac_cv_c_inline=inline
ac_cv_env_CC_set=
ac_cv_env_CC_value=
ac_cv_env_CFLAGS_set=set
ac_cv_env_CFLAGS_value='-Wno-unused-but-set-variable -Wno-sizeof-pointer-memaccess'
ac_cv_env_CPPFLAGS_set=
ac_cv_env_CPPFLAGS_value=
ac_cv_env_CPP_set=
ac_cv_env_CPP_value=
ac_cv_env_LDFLAGS_set=
ac_cv_env_LDFLAGS_value=
ac_cv_env_LIBS_set=
ac_cv_env_LIBS_value=
ac_cv_env_LT_SYS_LIBRARY_PATH_set=
ac_cv_env_LT_SYS_LIBRARY_PATH_value=
ac_cv_env_build_alias_set=
ac_cv_env_build_alias_value=
ac_cv_env_host_alias_set=
ac_cv_env_host_alias_value=
ac_cv_env_target_alias_set=
ac_cv_env_target_alias_value=
ac_cv_func_select=yes
ac_cv_func_seteuid=yes
ac_cv_func_socket=yes
ac_cv_func_strerror=yes
ac_cv_header_dlfcn_h=yes
ac_cv_header_fcntl_h=yes
ac_cv_header_inttypes_h=yes
ac_cv_header_linux_soundcard_h=yes
ac_cv_header_memory_h=yes
ac_cv_header_openssl_hmac_h=yes
ac_cv_header_openssl_md5_h=yes
ac_cv_header_poll_h=yes
ac_cv_header_srtp_srtp_h=no
ac_cv_header_stdc=yes
ac_cv_header_stdint_h=yes
ac_cv_header_stdlib_h=yes
ac_cv_header_string_h=yes
ac_cv_header_strings_h=yes
ac_cv_header_sys_audio_h=no
ac_cv_header_sys_poll_h=yes
ac_cv_header_sys_shm_h=yes
ac_cv_header_sys_stat_h=yes
ac_cv_header_sys_time_h=yes
ac_cv_header_sys_types_h=yes
ac_cv_header_sys_uio_h=yes
ac_cv_header_time=yes
ac_cv_header_unistd_h=yes
ac_cv_host=x86_64-pc-linux-gnu
ac_cv_lib_crypto_MD5=yes
ac_cv_lib_pthread_pthread_mutex_init=yes
ac_cv_lib_srtp_srtp_init=no
ac_cv_lib_ssl_SSL_CTX_new=yes
ac_cv_objext=o
ac_cv_path_DOXYGEN=/usr/bin/doxygen
ac_cv_path_EGREP='/usr/bin/grep -E'
ac_cv_path_EPM=false
ac_cv_path_EPMINSTALL=false
ac_cv_path_FGREP='/usr/bin/grep -F'
ac_cv_path_GREP=/usr/bin/grep
ac_cv_path_MKEPMLIST=false
ac_cv_path_SED=/usr/bin/sed
ac_cv_path_install='/usr/bin/install -c'
ac_cv_path_lt_DD=/usr/bin/dd
ac_cv_path_mkdir=/usr/bin/mkdir
ac_cv_prog_AWK=gawk
ac_cv_prog_CPP='gcc -E'
ac_cv_prog_ac_ct_AR=ar
ac_cv_prog_ac_ct_CC=gcc
ac_cv_prog_ac_ct_DLLTOOL=dlltool
ac_cv_prog_ac_ct_OBJDUMP=objdump
ac_cv_prog_ac_ct_RANLIB=ranlib
ac_cv_prog_ac_ct_STRIP=strip
ac_cv_prog_cc_c89=
ac_cv_prog_cc_g=yes
ac_cv_prog_make_make_set=yes
ac_cv_target=x86_64-pc-linux-gnu
am_cv_CC_dependencies_compiler_type=gcc3
am_cv_make_support_nested_variables=yes
am_cv_prog_cc_c_o=yes
am_cv_prog_tar_ustar=gnutar
lt_cv_ar_at_file=@
lt_cv_archive_cmds_need_lc=no
lt_cv_deplibs_check_method=pass_all
lt_cv_file_magic_cmd='$MAGIC_CMD'
lt_cv_file_magic_test_file=
lt_cv_ld_reload_flag=-r
lt_cv_nm_interface='BSD nm'
lt_cv_objdir=.libs
lt_cv_path_LD=/usr/bin/ld
lt_cv_path_NM='/usr/bin/nm -B'
lt_cv_path_mainfest_tool=no
lt_cv_prog_compiler_c_o=yes
lt_cv_prog_compiler_pic='-fPIC -DPIC'
lt_cv_prog_compiler_pic_works=yes
lt_cv_prog_compiler_rtti_exceptions=no
lt_cv_prog_compiler_static_works=no
lt_cv_prog_gnu_ld=yes
lt_cv_sharedlib_from_linklib_cmd='printf %s\n'
lt_cv_shlibpath_overrides_runpath=no
lt_cv_sys_global_symbol_pipe='sed -n -e '\''s/^.*[	 ]\([ABCDGIRSTW][ABCDGIRSTW]*\)[	 ][	 ]*\([_A-Za-z][_A-Za-z0-9]*\)$/\1 \2 \2/p'\'' | sed '\''/ __gnu_lto/d'\'''
lt_cv_sys_global_symbol_to_c_name_address='sed -n -e '\''s/^: \(.*\) .*$/  {"\1", (void *) 0},/p'\'' -e '\''s/^[ABCDGIRSTW][ABCDGIRSTW]* .* \(.*\)$/  {"\1", (void *) \&\1},/p'\'''
lt_cv_sys_global_symbol_to_c_name_address_lib_prefix='sed -n -e '\''s/^: \(.*\) .*$/  {"\1", (void *) 0},/p'\'' -e '\''s/^[ABCDGIRSTW][ABCDGIRSTW]* .* \(lib.*\)$/  {"\1", (void *) \&\1},/p'\'' -e '\''s/^[ABCDGIRSTW][ABCDGIRSTW]* .* \(.*\)$/  {"lib\1", (void *) \&\1},/p'\'''
lt_cv_sys_global_symbol_to_cdecl='sed -n -e '\''s/^T .* \(.*\)$/extern int \1();/p'\'' -e '\''s/^[ABCDGIRSTW][ABCDGIRSTW]* .* \(.*\)$/extern char \1;/p'\'''
lt_cv_sys_global_symbol_to_import=
lt_cv_sys_max_cmd_len=1572864
lt_cv_to_host_file_cmd=func_convert_file_noop
lt_cv_to_tool_file_cmd=func_convert_file_noop
lt_cv_truncate_bin='/usr/bin/dd bs=4096 count=1'

## ----------------- ##
## Output variables. ##
## ----------------- ##

ACLOCAL='${SHELL} /home/anhld/Setup/bose/ortp/ortp/missing aclocal-1.15'
AMDEPBACKSLASH='\'
AMDEP_FALSE='#'
AMDEP_TRUE=''
AMTAR='$${TAR-tar}'
AM_BACKSLASH='\'
AM_DEFAULT_V='$(AM_DEFAULT_VERBOSITY)'
AM_DEFAULT_VERBOSITY='0'
AM_V='$(V)'
AR='ar'
ARCH='x86_64'
AS='as'
AUTOCONF='${SHELL} /home/anhld/Setup/bose/ortp/ortp/missing autoconf'
AUTOHEADER='${SHELL} /home/anhld/Setup/bose/ortp/ortp/missing autoheader'
AUTOMAKE='${SHELL} /home/anhld/Setup/bose/ortp/ortp/missing automake-1.15'
AWK='gawk'
BUILD_TESTS_FALSE='#'
BUILD_TESTS_TRUE=''
CC='gcc'
CCDEPMODE='depmode=gcc3'
CFLAGS='-Wno-unused-but-set-variable -Wno-sizeof-pointer-memaccess -Wall -Werror   -DORTP_INET6'
CPP='gcc -E'
CPPFLAGS=''
CYGPATH_W='echo'
DEFS='-DHAVE_CONFIG_H'
DEPDIR='.deps'
DLLTOOL='dlltool'
DOXYGEN='/usr/bin/doxygen'
DSYMUTIL=''
DUMPBIN=''
ECHO_C=''
ECHO_N='-n'
ECHO_T=''
EGREP='/usr/bin/grep -E'
EPM='false'
EPMINSTALL='false'
EPM_PKG_EXT='rpm'
EXEEXT=''
FGREP='/usr/bin/grep -F'
GREP='/usr/bin/grep'
HAVE_DOXYGEN_FALSE='#'
HAVE_DOXYGEN_TRUE=''
INSTALL_DATA='${INSTALL} -m 644'
INSTALL_PROGRAM='${INSTALL}'
INSTALL_SCRIPT='${INSTALL}'
INSTALL_STRIP_PROGRAM='$(install_sh) -c -s'
LD='/usr/bin/ld -m elf_x86_64'
LDFLAGS=''
LIBOBJS=''
LIBORTP_SO_VERSION='8:0:0'
LIBS=''
LIBTOOL='$(SHELL) $(top_builddir)/libtool'
LICENSE='LGPL'
LIPO=''
LN_S='ln -s'
LTLIBOBJS=''
LT_SYS_LIBRARY_PATH=''
MAKEINFO='${SHELL} /home/anhld/Setup/bose/ortp/ortp/missing makeinfo'
MANIFEST_TOOL=':'
MKDIR_P='/usr/bin/mkdir -p'
MKEPMLIST='false'
NM='/usr/bin/nm -B'
NMEDIT=''
OBJDUMP='objdump'
OBJEXT='o'
ORTPDEPS_CFLAGS=' -D_REENTRANT  -DORTP_INET6 '
ORTPDEPS_LDFLAGS=''
ORTPDEPS_LIBS=' -lpthread   -lssl -lcrypto'
ORTP_PKGCONFIG_VERSION='0.16.3'
ORTP_VERSION='0.16.3'
OTOOL64=''
OTOOL=''
PACKAGE='ortp'
PACKAGER='anonymous'
PACKAGE_BUGREPORT=''
PACKAGE_NAME='ortp'
PACKAGE_STRING='ortp 0.16.3'
PACKAGE_TARNAME='ortp'
PACKAGE_URL=''
PACKAGE_VERSION='0.16.3'
PATH_SEPARATOR=':'
PTHREAD_CFLAGS='-D_REENTRANT'
PTHREAD_LDFLAGS=''
PTHREAD_LIBS='-lpthread'
RANLIB='ranlib'
RELEASE='1'
SED='/usr/bin/sed'
SET_MAKE=''
SHELL='/bin/sh'
SRTP_CFLAGS=''
SRTP_LIBS=''
SSL_LIBS='-lssl -lcrypto'
STRIP='strip'
SUMMARY='An LGPL implementation of RTP - RFC3550'
SYS_GROUP='root'
SYS_USER='root'
VENDOR='Linphone'
VERSION='0.16.3'
WITH_EPM_FALSE=''
WITH_EPM_TRUE='#'
ac_ct_AR='ar'
ac_ct_CC='gcc'
ac_ct_DUMPBIN=''
am__EXEEXT_FALSE=''
am__EXEEXT_TRUE='#'
am__fastdepCC_FALSE='#'
am__fastdepCC_TRUE=''
am__include='include'
am__isrc=''
am__leading_dot='.'
am__nodep='_no'
am__quote=''
am__tar='tar --format=ustar -chf - "$$tardir"'
am__untar='tar -xf -'
bindir='${exec_prefix}/bin'
build='x86_64-pc-linux-gnu'
build_alias=''
build_cpu='x86_64'
build_os='linux-gnu'
build_vendor='pc'
datadir='${datarootdir}'
datarootdir='${prefix}/share'
docdir='${datarootdir}/doc/${PACKAGE_TARNAME}'
dvidir='${docdir}'
exec_prefix='${prefix}'
host='x86_64-pc-linux-gnu'
host_alias=''
host_cpu='x86_64'
host_os='linux-gnu'
host_vendor='pc'
htmldir='${docdir}'
includedir='${prefix}/include'
infodir='${datarootdir}/info'
install_sh='${SHELL} /home/anhld/Setup/bose/ortp/ortp/install-sh'
libdir='${exec_prefix}/lib'
libexecdir='${exec_prefix}/libexec'
localedir='${datarootdir}/locale'
localstatedir='${prefix}/var'
mandir='${datarootdir}/man'
mkdir_p='$(MKDIR_P)'
oldincludedir='/usr/include'
pdfdir='${docdir}'
prefix='/usr/local'
program_transform_name='s,x,x,'
psdir='${docdir}'
runstatedir='${localstatedir}/run'
sbindir='${exec_prefix}/sbin'
sharedstatedir='${prefix}/com'
sysconfdir='${prefix}/etc'
target='x86_64-pc-linux-gnu'
target_alias=''
target_cpu='x86_64'
target_os='linux-gnu'
target_vendor='pc'

## ----------- ##
## confdefs.h. ##
## ----------- ##

/* confdefs.h */
#define PACKAGE_NAME "ortp"
#define PACKAGE_TARNAME "ortp"
#define PACKAGE_VERSION "0.16.3"
#define PACKAGE_STRING "ortp 0.16.3"
#define PACKAGE_BUGREPORT ""
#define PACKAGE_URL ""
#define PACKAGE "ortp"
#define VERSION "0.16.3"
#define ORTP_MAJOR_VERSION 0
#define ORTP_MINOR_VERSION 16
#define ORTP_MICRO_VERSION 3
#define ORTP_VERSION "0.16.3"
#define STDC_HEADERS 1
#define HAVE_SYS_TYPES_H 1
#define HAVE_SYS_STAT_H 1
#define HAVE_STDLIB_H 1
#define HAVE_STRING_H 1
#define HAVE_MEMORY_H 1
#define HAVE_STRINGS_H 1
#define HAVE_INTTYPES_H 1
#define HAVE_STDINT_H 1
#define HAVE_UNISTD_H 1
#define HAVE_DLFCN_H 1
#define LT_OBJDIR ".libs/"
#define HAVE_SETEUID 1
#define ORTP_DEFAULT_THREAD_STACK_SIZE 0
#define SO_REUSE_ADDR 1
#define STDC_HEADERS 1
#define HAVE_POLL_H 1
#define HAVE_SYS_POLL_H 1
#define HAVE_SYS_UIO_H 1
#define HAVE_FCNTL_H 1
#define HAVE_SYS_TIME_H 1
#define HAVE_UNISTD_H 1
#define HAVE_LINUX_SOUNDCARD_H 1
#define HAVE_SYS_SHM_H 1
#define TIME_WITH_SYS_TIME 1
#define HAVE_SELECT 1
#define HAVE_SOCKET 1
#define HAVE_STRERROR 1
#define POSIXTIMER_INTERVAL 10000
#define HAVE_OPENSSL_HMAC_H 1
#define HAVE_OPENSSL_MD5_H 1

configure: exit 0
