This file contains any messages produced by compilers while
running configure, to aid debugging if configure makes a mistake.

It was created by fdk-aac configure 0.1.5, which was
generated by GNU Autoconf 2.69.  Invocation command line was

  $ ./configure --no-create --no-recursion

## --------- ##
## Platform. ##
## --------- ##

hostname = evolas
uname -m = x86_64
uname -r = 4.14.6-300.fc27.x86_64
uname -s = Linux
uname -v = #1 SMP Thu Dec 14 15:31:24 UTC 2017

/usr/bin/uname -p = x86_64
/bin/uname -X     = unknown

/bin/arch              = x86_64
/usr/bin/arch -k       = unknown
/usr/convex/getsysinfo = unknown
/usr/bin/hostinfo      = unknown
/bin/machine           = unknown
/usr/bin/oslevel       = unknown
/bin/universe          = unknown

PATH: /home/anhld/.cargo/bin
PATH: /home/anhld/.cargo/bin
PATH: /home/anhld/.cargo/bin
PATH: /usr/local/bin
PATH: /usr/local/sbin
PATH: /usr/bin
PATH: /usr/sbin
PATH: /home/anhld/bin
PATH: /home/anhld/bin
PATH: /home/anhld/.cargo/bin
PATH: /home/anhld/go/bin
PATH: /home/anhld/Apps/apache-groovy-sdk-2.4.13/groovy-2.4.13/bin


## ----------- ##
## Core tests. ##
## ----------- ##

configure:2309: checking for a BSD-compatible install
configure:2377: result: /usr/bin/install -c
configure:2388: checking whether build environment is sane
configure:2443: result: yes
configure:2594: checking for a thread-safe mkdir -p
configure:2633: result: /usr/bin/mkdir -p
configure:2640: checking for gawk
configure:2656: found /usr/bin/gawk
configure:2667: result: gawk
configure:2678: checking whether make sets $(MAKE)
configure:2700: result: yes
configure:2729: checking whether make supports nested variables
configure:2746: result: yes
configure:2835: checking whether UID '0' is supported by ustar format
configure:2838: result: yes
configure:2845: checking whether GID '0' is supported by ustar format
configure:2848: result: yes
configure:2856: checking how to create a ustar tar archive
configure:2867: tar --version
tar (GNU tar) 1.29
Copyright (C) 2015 Free Software Foundation, Inc.
License GPLv3+: GNU GPL version 3 or later <http://gnu.org/licenses/gpl.html>.
This is free software: you are free to change and redistribute it.
There is NO WARRANTY, to the extent permitted by law.

Written by John Gilmore and Jay Fenlason.
configure:2870: $? = 0
configure:2910: tardir=conftest.dir && eval tar --format=ustar -chf - "$tardir" >conftest.tar
configure:2913: $? = 0
configure:2917: tar -xf - <conftest.tar
configure:2920: $? = 0
configure:2922: cat conftest.dir/file
GrepMe
configure:2925: $? = 0
configure:2938: result: gnutar
configure:2999: checking whether make supports nested variables
configure:3016: result: yes
configure:3093: checking for gcc
configure:3109: found /usr/bin/gcc
configure:3120: result: gcc
configure:3349: checking for C compiler version
configure:3358: gcc --version >&5
gcc (GCC) 7.2.1 20170915 (Red Hat 7.2.1-2)
Copyright (C) 2017 Free Software Foundation, Inc.
This is free software; see the source for copying conditions.  There is NO
warranty; not even for MERCHANTABILITY or FITNESS FOR A PARTICULAR PURPOSE.

configure:3369: $? = 0
configure:3358: gcc -v >&5
Using built-in specs.
COLLECT_GCC=gcc
COLLECT_LTO_WRAPPER=/usr/libexec/gcc/x86_64-redhat-linux/7/lto-wrapper
OFFLOAD_TARGET_NAMES=nvptx-none
OFFLOAD_TARGET_DEFAULT=1
Target: x86_64-redhat-linux
Configured with: ../configure --enable-bootstrap --enable-languages=c,c++,objc,obj-c++,fortran,ada,go,lto --prefix=/usr --mandir=/usr/share/man --infodir=/usr/share/info --with-bugurl=http://bugzilla.redhat.com/bugzilla --enable-shared --enable-threads=posix --enable-checking=release --enable-multilib --with-system-zlib --enable-__cxa_atexit --disable-libunwind-exceptions --enable-gnu-unique-object --enable-linker-build-id --with-gcc-major-version-only --with-linker-hash-style=gnu --enable-plugin --enable-initfini-array --with-isl --enable-libmpx --enable-offload-targets=nvptx-none --without-cuda-driver --enable-gnu-indirect-function --with-tune=generic --with-arch_32=i686 --build=x86_64-redhat-linux
Thread model: posix
gcc version 7.2.1 20170915 (Red Hat 7.2.1-2) (GCC) 
configure:3369: $? = 0
configure:3358: gcc -V >&5
gcc: error: unrecognized command line option '-V'
gcc: fatal error: no input files
compilation terminated.
configure:3369: $? = 1
configure:3358: gcc -qversion >&5
gcc: error: unrecognized command line option '-qversion'; did you mean '--version'?
gcc: fatal error: no input files
compilation terminated.
configure:3369: $? = 1
configure:3389: checking whether the C compiler works
configure:3411: gcc    conftest.c  >&5
configure:3415: $? = 0
configure:3463: result: yes
configure:3466: checking for C compiler default output file name
configure:3468: result: a.out
configure:3474: checking for suffix of executables
configure:3481: gcc -o conftest    conftest.c  >&5
configure:3485: $? = 0
configure:3507: result: 
configure:3529: checking whether we are cross compiling
configure:3537: gcc -o conftest    conftest.c  >&5
configure:3541: $? = 0
configure:3548: ./conftest
configure:3552: $? = 0
configure:3567: result: no
configure:3572: checking for suffix of object files
configure:3594: gcc -c   conftest.c >&5
configure:3598: $? = 0
configure:3619: result: o
configure:3623: checking whether we are using the GNU C compiler
configure:3642: gcc -c   conftest.c >&5
configure:3642: $? = 0
configure:3651: result: yes
configure:3660: checking whether gcc accepts -g
configure:3680: gcc -c -g  conftest.c >&5
configure:3680: $? = 0
configure:3721: result: yes
configure:3738: checking for gcc option to accept ISO C89
configure:3801: gcc  -c -g -O2  conftest.c >&5
configure:3801: $? = 0
configure:3814: result: none needed
configure:3839: checking whether gcc understands -c and -o together
configure:3861: gcc -c conftest.c -o conftest2.o
configure:3864: $? = 0
configure:3861: gcc -c conftest.c -o conftest2.o
configure:3864: $? = 0
configure:3876: result: yes
configure:3904: checking for style of include used by make
configure:3932: result: GNU
configure:3958: checking dependency style of gcc
configure:4069: result: gcc3
configure:4142: checking for g++
configure:4158: found /usr/bin/g++
configure:4169: result: g++
configure:4196: checking for C++ compiler version
configure:4205: g++ --version >&5
g++ (GCC) 7.2.1 20170915 (Red Hat 7.2.1-2)
Copyright (C) 2017 Free Software Foundation, Inc.
This is free software; see the source for copying conditions.  There is NO
warranty; not even for MERCHANTABILITY or FITNESS FOR A PARTICULAR PURPOSE.

configure:4216: $? = 0
configure:4205: g++ -v >&5
Using built-in specs.
COLLECT_GCC=g++
COLLECT_LTO_WRAPPER=/usr/libexec/gcc/x86_64-redhat-linux/7/lto-wrapper
OFFLOAD_TARGET_NAMES=nvptx-none
OFFLOAD_TARGET_DEFAULT=1
Target: x86_64-redhat-linux
Configured with: ../configure --enable-bootstrap --enable-languages=c,c++,objc,obj-c++,fortran,ada,go,lto --prefix=/usr --mandir=/usr/share/man --infodir=/usr/share/info --with-bugurl=http://bugzilla.redhat.com/bugzilla --enable-shared --enable-threads=posix --enable-checking=release --enable-multilib --with-system-zlib --enable-__cxa_atexit --disable-libunwind-exceptions --enable-gnu-unique-object --enable-linker-build-id --with-gcc-major-version-only --with-linker-hash-style=gnu --enable-plugin --enable-initfini-array --with-isl --enable-libmpx --enable-offload-targets=nvptx-none --without-cuda-driver --enable-gnu-indirect-function --with-tune=generic --with-arch_32=i686 --build=x86_64-redhat-linux
Thread model: posix
gcc version 7.2.1 20170915 (Red Hat 7.2.1-2) (GCC) 
configure:4216: $? = 0
configure:4205: g++ -V >&5
g++: error: unrecognized command line option '-V'
g++: fatal error: no input files
compilation terminated.
configure:4216: $? = 1
configure:4205: g++ -qversion >&5
g++: error: unrecognized command line option '-qversion'; did you mean '--version'?
g++: fatal error: no input files
compilation terminated.
configure:4216: $? = 1
configure:4220: checking whether we are using the GNU C++ compiler
configure:4239: g++ -c   conftest.cpp >&5
configure:4239: $? = 0
configure:4248: result: yes
configure:4257: checking whether g++ accepts -g
configure:4277: g++ -c -g  conftest.cpp >&5
configure:4277: $? = 0
configure:4318: result: yes
configure:4343: checking dependency style of g++
configure:4454: result: gcc3
configure:4498: checking build system type
configure:4512: result: x86_64-pc-linux-gnu
configure:4532: checking host system type
configure:4545: result: x86_64-pc-linux-gnu
configure:4586: checking how to print strings
configure:4613: result: printf
configure:4634: checking for a sed that does not truncate output
configure:4698: result: /usr/bin/sed
configure:4716: checking for grep that handles long lines and -e
configure:4774: result: /usr/bin/grep
configure:4779: checking for egrep
configure:4841: result: /usr/bin/grep -E
configure:4846: checking for fgrep
configure:4908: result: /usr/bin/grep -F
configure:4943: checking for ld used by gcc
configure:5010: result: /usr/bin/ld
configure:5017: checking if the linker (/usr/bin/ld) is GNU ld
configure:5032: result: yes
configure:5044: checking for BSD- or MS-compatible name lister (nm)
configure:5098: result: /usr/bin/nm -B
configure:5228: checking the name lister (/usr/bin/nm -B) interface
configure:5235: gcc -c -g -O2  conftest.c >&5
configure:5238: /usr/bin/nm -B "conftest.o"
configure:5241: output
0000000000000000 B some_variable
configure:5248: result: BSD nm
configure:5251: checking whether ln -s works
configure:5255: result: yes
configure:5263: checking the maximum length of command line arguments
configure:5394: result: 1572864
configure:5442: checking how to convert x86_64-pc-linux-gnu file names to x86_64-pc-linux-gnu format
configure:5482: result: func_convert_file_noop
configure:5489: checking how to convert x86_64-pc-linux-gnu file names to toolchain format
configure:5509: result: func_convert_file_noop
configure:5516: checking for /usr/bin/ld option to reload object files
configure:5523: result: -r
configure:5597: checking for objdump
configure:5613: found /usr/bin/objdump
configure:5624: result: objdump
configure:5656: checking how to recognize dependent libraries
configure:5856: result: pass_all
configure:5941: checking for dlltool
configure:5971: result: no
configure:6001: checking how to associate runtime and link libraries
configure:6028: result: printf %s\n
configure:6089: checking for ar
configure:6105: found /usr/bin/ar
configure:6116: result: ar
configure:6153: checking for archiver @FILE support
configure:6170: gcc -c -g -O2  conftest.c >&5
configure:6170: $? = 0
configure:6173: ar cru libconftest.a @conftest.lst >&5
configure:6176: $? = 0
configure:6181: ar cru libconftest.a @conftest.lst >&5
ar: conftest.o: No such file or directory
configure:6184: $? = 1
configure:6196: result: @
configure:6254: checking for strip
configure:6270: found /usr/bin/strip
configure:6281: result: strip
configure:6353: checking for ranlib
configure:6369: found /usr/bin/ranlib
configure:6380: result: ranlib
configure:6482: checking command to parse /usr/bin/nm -B output from gcc object
configure:6635: gcc -c -g -O2  conftest.c >&5
configure:6638: $? = 0
configure:6642: /usr/bin/nm -B conftest.o \| sed -n -e 's/^.*[ ]\([ABCDGIRSTW][ABCDGIRSTW]*\)[ ][ ]*\([_A-Za-z][_A-Za-z0-9]*\)$/\1 \2 \2/p' | sed '/ __gnu_lto/d' \> conftest.nm
configure:6645: $? = 0
configure:6711: gcc -o conftest -g -O2   conftest.c conftstm.o >&5
configure:6714: $? = 0
configure:6752: result: ok
configure:6799: checking for sysroot
configure:6829: result: no
configure:6836: checking for a working dd
configure:6874: result: /usr/bin/dd
configure:6878: checking how to truncate binary pipes
configure:6893: result: /usr/bin/dd bs=4096 count=1
configure:7029: gcc -c -g -O2  conftest.c >&5
configure:7032: $? = 0
configure:7222: checking for mt
configure:7252: result: no
configure:7272: checking if : is a manifest tool
configure:7278: : '-?'
configure:7286: result: no
configure:7963: checking how to run the C preprocessor
configure:7994: gcc -E  conftest.c
configure:7994: $? = 0
configure:8008: gcc -E  conftest.c
conftest.c:11:10: fatal error: ac_nonexistent.h: No such file or directory
 #include <ac_nonexistent.h>
          ^~~~~~~~~~~~~~~~~~
compilation terminated.
configure:8008: $? = 1
configure: failed program was:
| /* confdefs.h */
| #define PACKAGE_NAME "fdk-aac"
| #define PACKAGE_TARNAME "fdk-aac"
| #define PACKAGE_VERSION "0.1.5"
| #define PACKAGE_STRING "fdk-aac 0.1.5"
| #define PACKAGE_BUGREPORT "http://sourceforge.net/projects/opencore-amr/"
| #define PACKAGE_URL ""
| #define PACKAGE "fdk-aac"
| #define VERSION "0.1.5"
| /* end confdefs.h.  */
| #include <ac_nonexistent.h>
configure:8033: result: gcc -E
configure:8053: gcc -E  conftest.c
configure:8053: $? = 0
configure:8067: gcc -E  conftest.c
conftest.c:11:10: fatal error: ac_nonexistent.h: No such file or directory
 #include <ac_nonexistent.h>
          ^~~~~~~~~~~~~~~~~~
compilation terminated.
configure:8067: $? = 1
configure: failed program was:
| /* confdefs.h */
| #define PACKAGE_NAME "fdk-aac"
| #define PACKAGE_TARNAME "fdk-aac"
| #define PACKAGE_VERSION "0.1.5"
| #define PACKAGE_STRING "fdk-aac 0.1.5"
| #define PACKAGE_BUGREPORT "http://sourceforge.net/projects/opencore-amr/"
| #define PACKAGE_URL ""
| #define PACKAGE "fdk-aac"
| #define VERSION "0.1.5"
| /* end confdefs.h.  */
| #include <ac_nonexistent.h>
configure:8096: checking for ANSI C header files
configure:8116: gcc -c -g -O2  conftest.c >&5
configure:8116: $? = 0
configure:8189: gcc -o conftest -g -O2   conftest.c  >&5
configure:8189: $? = 0
configure:8189: ./conftest
configure:8189: $? = 0
configure:8200: result: yes
configure:8213: checking for sys/types.h
configure:8213: gcc -c -g -O2  conftest.c >&5
configure:8213: $? = 0
configure:8213: result: yes
configure:8213: checking for sys/stat.h
configure:8213: gcc -c -g -O2  conftest.c >&5
configure:8213: $? = 0
configure:8213: result: yes
configure:8213: checking for stdlib.h
configure:8213: gcc -c -g -O2  conftest.c >&5
configure:8213: $? = 0
configure:8213: result: yes
configure:8213: checking for string.h
configure:8213: gcc -c -g -O2  conftest.c >&5
configure:8213: $? = 0
configure:8213: result: yes
configure:8213: checking for memory.h
configure:8213: gcc -c -g -O2  conftest.c >&5
configure:8213: $? = 0
configure:8213: result: yes
configure:8213: checking for strings.h
configure:8213: gcc -c -g -O2  conftest.c >&5
configure:8213: $? = 0
configure:8213: result: yes
configure:8213: checking for inttypes.h
configure:8213: gcc -c -g -O2  conftest.c >&5
configure:8213: $? = 0
configure:8213: result: yes
configure:8213: checking for stdint.h
configure:8213: gcc -c -g -O2  conftest.c >&5
configure:8213: $? = 0
configure:8213: result: yes
configure:8213: checking for unistd.h
configure:8213: gcc -c -g -O2  conftest.c >&5
configure:8213: $? = 0
configure:8213: result: yes
configure:8227: checking for dlfcn.h
configure:8227: gcc -c -g -O2  conftest.c >&5
configure:8227: $? = 0
configure:8227: result: yes
configure:8494: checking for objdir
configure:8509: result: .libs
configure:8773: checking if gcc supports -fno-rtti -fno-exceptions
configure:8791: gcc -c -g -O2  -fno-rtti -fno-exceptions conftest.c >&5
cc1: warning: command line option '-fno-rtti' is valid for C++/ObjC++ but not for C
configure:8795: $? = 0
configure:8808: result: no
configure:9166: checking for gcc option to produce PIC
configure:9173: result: -fPIC -DPIC
configure:9181: checking if gcc PIC flag -fPIC -DPIC works
configure:9199: gcc -c -g -O2  -fPIC -DPIC -DPIC conftest.c >&5
configure:9203: $? = 0
configure:9216: result: yes
configure:9245: checking if gcc static flag -static works
configure:9273: result: no
configure:9288: checking if gcc supports -c -o file.o
configure:9309: gcc -c -g -O2  -o out/conftest2.o conftest.c >&5
configure:9313: $? = 0
configure:9335: result: yes
configure:9343: checking if gcc supports -c -o file.o
configure:9390: result: yes
configure:9423: checking whether the gcc linker (/usr/bin/ld -m elf_x86_64) supports shared libraries
configure:10686: result: yes
configure:10723: checking whether -lc should be explicitly linked in
configure:10731: gcc -c -g -O2  conftest.c >&5
configure:10734: $? = 0
configure:10749: gcc -shared  -fPIC -DPIC conftest.o  -v -Wl,-soname -Wl,conftest -o conftest 2\>\&1 \| /usr/bin/grep  -lc  \>/dev/null 2\>\&1
configure:10752: $? = 0
configure:10766: result: no
configure:10926: checking dynamic linker characteristics
configure:11507: gcc -o conftest -g -O2   -Wl,-rpath -Wl,/foo conftest.c  >&5
configure:11507: $? = 0
configure:11756: result: GNU/Linux ld.so
configure:11878: checking how to hardcode library paths into programs
configure:11903: result: immediate
configure:12451: checking whether stripping libraries is possible
configure:12456: result: yes
configure:12491: checking if libtool supports shared libraries
configure:12493: result: yes
configure:12496: checking whether to build shared libraries
configure:12521: result: yes
configure:12524: checking whether to build static libraries
configure:12528: result: yes
configure:12551: checking how to run the C++ preprocessor
configure:12578: g++ -E  conftest.cpp
configure:12578: $? = 0
configure:12592: g++ -E  conftest.cpp
conftest.cpp:23:10: fatal error: ac_nonexistent.h: No such file or directory
 #include <ac_nonexistent.h>
          ^~~~~~~~~~~~~~~~~~
compilation terminated.
configure:12592: $? = 1
configure: failed program was:
| /* confdefs.h */
| #define PACKAGE_NAME "fdk-aac"
| #define PACKAGE_TARNAME "fdk-aac"
| #define PACKAGE_VERSION "0.1.5"
| #define PACKAGE_STRING "fdk-aac 0.1.5"
| #define PACKAGE_BUGREPORT "http://sourceforge.net/projects/opencore-amr/"
| #define PACKAGE_URL ""
| #define PACKAGE "fdk-aac"
| #define VERSION "0.1.5"
| #define STDC_HEADERS 1
| #define HAVE_SYS_TYPES_H 1
| #define HAVE_SYS_STAT_H 1
| #define HAVE_STDLIB_H 1
| #define HAVE_STRING_H 1
| #define HAVE_MEMORY_H 1
| #define HAVE_STRINGS_H 1
| #define HAVE_INTTYPES_H 1
| #define HAVE_STDINT_H 1
| #define HAVE_UNISTD_H 1
| #define HAVE_DLFCN_H 1
| #define LT_OBJDIR ".libs/"
| /* end confdefs.h.  */
| #include <ac_nonexistent.h>
configure:12617: result: g++ -E
configure:12637: g++ -E  conftest.cpp
configure:12637: $? = 0
configure:12651: g++ -E  conftest.cpp
conftest.cpp:23:10: fatal error: ac_nonexistent.h: No such file or directory
 #include <ac_nonexistent.h>
          ^~~~~~~~~~~~~~~~~~
compilation terminated.
configure:12651: $? = 1
configure: failed program was:
| /* confdefs.h */
| #define PACKAGE_NAME "fdk-aac"
| #define PACKAGE_TARNAME "fdk-aac"
| #define PACKAGE_VERSION "0.1.5"
| #define PACKAGE_STRING "fdk-aac 0.1.5"
| #define PACKAGE_BUGREPORT "http://sourceforge.net/projects/opencore-amr/"
| #define PACKAGE_URL ""
| #define PACKAGE "fdk-aac"
| #define VERSION "0.1.5"
| #define STDC_HEADERS 1
| #define HAVE_SYS_TYPES_H 1
| #define HAVE_SYS_STAT_H 1
| #define HAVE_STDLIB_H 1
| #define HAVE_STRING_H 1
| #define HAVE_MEMORY_H 1
| #define HAVE_STRINGS_H 1
| #define HAVE_INTTYPES_H 1
| #define HAVE_STDINT_H 1
| #define HAVE_UNISTD_H 1
| #define HAVE_DLFCN_H 1
| #define LT_OBJDIR ".libs/"
| /* end confdefs.h.  */
| #include <ac_nonexistent.h>
configure:12813: checking for ld used by g++
configure:12880: result: /usr/bin/ld -m elf_x86_64
configure:12887: checking if the linker (/usr/bin/ld -m elf_x86_64) is GNU ld
configure:12902: result: yes
configure:12957: checking whether the g++ linker (/usr/bin/ld -m elf_x86_64) supports shared libraries
configure:14030: result: yes
configure:14066: g++ -c -g -O2  conftest.cpp >&5
configure:14069: $? = 0
configure:14550: checking for g++ option to produce PIC
configure:14557: result: -fPIC -DPIC
configure:14565: checking if g++ PIC flag -fPIC -DPIC works
configure:14583: g++ -c -g -O2  -fPIC -DPIC -DPIC conftest.cpp >&5
configure:14587: $? = 0
configure:14600: result: yes
configure:14623: checking if g++ static flag -static works
configure:14651: result: no
configure:14663: checking if g++ supports -c -o file.o
configure:14684: g++ -c -g -O2  -o out/conftest2.o conftest.cpp >&5
configure:14688: $? = 0
configure:14710: result: yes
configure:14715: checking if g++ supports -c -o file.o
configure:14762: result: yes
configure:14792: checking whether the g++ linker (/usr/bin/ld -m elf_x86_64) supports shared libraries
configure:14835: result: yes
configure:14976: checking dynamic linker characteristics
configure:15733: result: GNU/Linux ld.so
configure:15798: checking how to hardcode library paths into programs
configure:15823: result: immediate
configure:15885: checking for library containing sin
configure:15916: gcc -o conftest -g -O2   conftest.c  >&5
conftest.c:30:6: warning: conflicting types for built-in function 'sin' [-Wbuiltin-declaration-mismatch]
 char sin ();
      ^~~
/tmp/ccRsCTrH.o: In function `main':
/home/anhld/Setup/bose/fdk-aac-0.1.5/conftest.c:34: undefined reference to `sin'
collect2: error: ld returned 1 exit status
configure:15916: $? = 1
configure: failed program was:
| /* confdefs.h */
| #define PACKAGE_NAME "fdk-aac"
| #define PACKAGE_TARNAME "fdk-aac"
| #define PACKAGE_VERSION "0.1.5"
| #define PACKAGE_STRING "fdk-aac 0.1.5"
| #define PACKAGE_BUGREPORT "http://sourceforge.net/projects/opencore-amr/"
| #define PACKAGE_URL ""
| #define PACKAGE "fdk-aac"
| #define VERSION "0.1.5"
| #define STDC_HEADERS 1
| #define HAVE_SYS_TYPES_H 1
| #define HAVE_SYS_STAT_H 1
| #define HAVE_STDLIB_H 1
| #define HAVE_STRING_H 1
| #define HAVE_MEMORY_H 1
| #define HAVE_STRINGS_H 1
| #define HAVE_INTTYPES_H 1
| #define HAVE_STDINT_H 1
| #define HAVE_UNISTD_H 1
| #define HAVE_DLFCN_H 1
| #define LT_OBJDIR ".libs/"
| /* end confdefs.h.  */
| 
| /* Override any GCC internal prototype to avoid an error.
|    Use char because int might match the return type of a GCC
|    builtin and then its argument prototype would still apply.  */
| #ifdef __cplusplus
| extern "C"
| #endif
| char sin ();
| int
| main ()
| {
| return sin ();
|   ;
|   return 0;
| }
configure:15916: gcc -o conftest -g -O2   conftest.c -lm   >&5
conftest.c:30:6: warning: conflicting types for built-in function 'sin' [-Wbuiltin-declaration-mismatch]
 char sin ();
      ^~~
configure:15916: $? = 0
configure:15933: result: -lm
configure:16100: checking that generated files are newer than configure
configure:16106: result: done
configure:16137: creating ./config.status

## ---------------- ##
## Cache variables. ##
## ---------------- ##

ac_cv_build=x86_64-pc-linux-gnu
ac_cv_c_compiler_gnu=yes
ac_cv_cxx_compiler_gnu=yes
ac_cv_env_CCC_set=
ac_cv_env_CCC_value=
ac_cv_env_CC_set=
ac_cv_env_CC_value=
ac_cv_env_CFLAGS_set=
ac_cv_env_CFLAGS_value=
ac_cv_env_CPPFLAGS_set=
ac_cv_env_CPPFLAGS_value=
ac_cv_env_CPP_set=
ac_cv_env_CPP_value=
ac_cv_env_CXXCPP_set=
ac_cv_env_CXXCPP_value=
ac_cv_env_CXXFLAGS_set=
ac_cv_env_CXXFLAGS_value=
ac_cv_env_CXX_set=
ac_cv_env_CXX_value=
ac_cv_env_LDFLAGS_set=
ac_cv_env_LDFLAGS_value=
ac_cv_env_LIBS_set=
ac_cv_env_LIBS_value=
ac_cv_env_LT_SYS_LIBRARY_PATH_set=
ac_cv_env_LT_SYS_LIBRARY_PATH_value=
ac_cv_env_build_alias_set=
ac_cv_env_build_alias_value=
ac_cv_env_host_alias_set=
ac_cv_env_host_alias_value=
ac_cv_env_target_alias_set=
ac_cv_env_target_alias_value=
ac_cv_header_dlfcn_h=yes
ac_cv_header_inttypes_h=yes
ac_cv_header_memory_h=yes
ac_cv_header_stdc=yes
ac_cv_header_stdint_h=yes
ac_cv_header_stdlib_h=yes
ac_cv_header_string_h=yes
ac_cv_header_strings_h=yes
ac_cv_header_sys_stat_h=yes
ac_cv_header_sys_types_h=yes
ac_cv_header_unistd_h=yes
ac_cv_host=x86_64-pc-linux-gnu
ac_cv_objext=o
ac_cv_path_EGREP='/usr/bin/grep -E'
ac_cv_path_FGREP='/usr/bin/grep -F'
ac_cv_path_GREP=/usr/bin/grep
ac_cv_path_SED=/usr/bin/sed
ac_cv_path_install='/usr/bin/install -c'
ac_cv_path_lt_DD=/usr/bin/dd
ac_cv_path_mkdir=/usr/bin/mkdir
ac_cv_prog_AWK=gawk
ac_cv_prog_CPP='gcc -E'
ac_cv_prog_CXXCPP='g++ -E'
ac_cv_prog_ac_ct_AR=ar
ac_cv_prog_ac_ct_CC=gcc
ac_cv_prog_ac_ct_CXX=g++
ac_cv_prog_ac_ct_OBJDUMP=objdump
ac_cv_prog_ac_ct_RANLIB=ranlib
ac_cv_prog_ac_ct_STRIP=strip
ac_cv_prog_cc_c89=
ac_cv_prog_cc_g=yes
ac_cv_prog_cxx_g=yes
ac_cv_prog_make_make_set=yes
ac_cv_search_sin=-lm
am_cv_CC_dependencies_compiler_type=gcc3
am_cv_CXX_dependencies_compiler_type=gcc3
am_cv_make_support_nested_variables=yes
am_cv_prog_cc_c_o=yes
am_cv_prog_tar_ustar=gnutar
lt_cv_ar_at_file=@
lt_cv_archive_cmds_need_lc=no
lt_cv_deplibs_check_method=pass_all
lt_cv_file_magic_cmd='$MAGIC_CMD'
lt_cv_file_magic_test_file=
lt_cv_ld_reload_flag=-r
lt_cv_nm_interface='BSD nm'
lt_cv_objdir=.libs
lt_cv_path_LD=/usr/bin/ld
lt_cv_path_LDCXX='/usr/bin/ld -m elf_x86_64'
lt_cv_path_NM='/usr/bin/nm -B'
lt_cv_path_mainfest_tool=no
lt_cv_prog_compiler_c_o=yes
lt_cv_prog_compiler_c_o_CXX=yes
lt_cv_prog_compiler_pic='-fPIC -DPIC'
lt_cv_prog_compiler_pic_CXX='-fPIC -DPIC'
lt_cv_prog_compiler_pic_works=yes
lt_cv_prog_compiler_pic_works_CXX=yes
lt_cv_prog_compiler_rtti_exceptions=no
lt_cv_prog_compiler_static_works=no
lt_cv_prog_compiler_static_works_CXX=no
lt_cv_prog_gnu_ld=yes
lt_cv_prog_gnu_ldcxx=yes
lt_cv_sharedlib_from_linklib_cmd='printf %s\n'
lt_cv_shlibpath_overrides_runpath=no
lt_cv_sys_global_symbol_pipe='sed -n -e '\''s/^.*[	 ]\([ABCDGIRSTW][ABCDGIRSTW]*\)[	 ][	 ]*\([_A-Za-z][_A-Za-z0-9]*\)$/\1 \2 \2/p'\'' | sed '\''/ __gnu_lto/d'\'''
lt_cv_sys_global_symbol_to_c_name_address='sed -n -e '\''s/^: \(.*\) .*$/  {"\1", (void *) 0},/p'\'' -e '\''s/^[ABCDGIRSTW][ABCDGIRSTW]* .* \(.*\)$/  {"\1", (void *) \&\1},/p'\'''
lt_cv_sys_global_symbol_to_c_name_address_lib_prefix='sed -n -e '\''s/^: \(.*\) .*$/  {"\1", (void *) 0},/p'\'' -e '\''s/^[ABCDGIRSTW][ABCDGIRSTW]* .* \(lib.*\)$/  {"\1", (void *) \&\1},/p'\'' -e '\''s/^[ABCDGIRSTW][ABCDGIRSTW]* .* \(.*\)$/  {"lib\1", (void *) \&\1},/p'\'''
lt_cv_sys_global_symbol_to_cdecl='sed -n -e '\''s/^T .* \(.*\)$/extern int \1();/p'\'' -e '\''s/^[ABCDGIRSTW][ABCDGIRSTW]* .* \(.*\)$/extern char \1;/p'\'''
lt_cv_sys_global_symbol_to_import=
lt_cv_sys_max_cmd_len=1572864
lt_cv_to_host_file_cmd=func_convert_file_noop
lt_cv_to_tool_file_cmd=func_convert_file_noop
lt_cv_truncate_bin='/usr/bin/dd bs=4096 count=1'

## ----------------- ##
## Output variables. ##
## ----------------- ##

ACLOCAL='${SHELL} /home/anhld/Setup/bose/fdk-aac-0.1.5/missing aclocal-1.15'
AMDEPBACKSLASH='\'
AMDEP_FALSE='#'
AMDEP_TRUE=''
AMTAR='$${TAR-tar}'
AM_BACKSLASH='\'
AM_DEFAULT_V='$(AM_DEFAULT_VERBOSITY)'
AM_DEFAULT_VERBOSITY='0'
AM_V='$(V)'
AR='ar'
AUTOCONF='${SHELL} /home/anhld/Setup/bose/fdk-aac-0.1.5/missing autoconf'
AUTOHEADER='${SHELL} /home/anhld/Setup/bose/fdk-aac-0.1.5/missing autoheader'
AUTOMAKE='${SHELL} /home/anhld/Setup/bose/fdk-aac-0.1.5/missing automake-1.15'
AWK='gawk'
CC='gcc'
CCDEPMODE='depmode=gcc3'
CFLAGS='-g -O2'
CPP='gcc -E'
CPPFLAGS=''
CXX='g++'
CXXCPP='g++ -E'
CXXDEPMODE='depmode=gcc3'
CXXFLAGS='-g -O2'
CYGPATH_W='echo'
DEFS='-DPACKAGE_NAME=\"fdk-aac\" -DPACKAGE_TARNAME=\"fdk-aac\" -DPACKAGE_VERSION=\"0.1.5\" -DPACKAGE_STRING=\"fdk-aac\ 0.1.5\" -DPACKAGE_BUGREPORT=\"http://sourceforge.net/projects/opencore-amr/\" -DPACKAGE_URL=\"\" -DPACKAGE=\"fdk-aac\" -DVERSION=\"0.1.5\" -DSTDC_HEADERS=1 -DHAVE_SYS_TYPES_H=1 -DHAVE_SYS_STAT_H=1 -DHAVE_STDLIB_H=1 -DHAVE_STRING_H=1 -DHAVE_MEMORY_H=1 -DHAVE_STRINGS_H=1 -DHAVE_INTTYPES_H=1 -DHAVE_STDINT_H=1 -DHAVE_UNISTD_H=1 -DHAVE_DLFCN_H=1 -DLT_OBJDIR=\".libs/\"'
DEPDIR='.deps'
DLLTOOL='false'
DSYMUTIL=''
DUMPBIN=''
ECHO_C=''
ECHO_N='-n'
ECHO_T=''
EGREP='/usr/bin/grep -E'
EXAMPLE_FALSE=''
EXAMPLE_TRUE='#'
EXEEXT=''
FDK_AAC_VERSION='1:0:0'
FGREP='/usr/bin/grep -F'
GREP='/usr/bin/grep'
INSTALL_DATA='${INSTALL} -m 644'
INSTALL_PROGRAM='${INSTALL}'
INSTALL_SCRIPT='${INSTALL}'
INSTALL_STRIP_PROGRAM='$(install_sh) -c -s'
LD='/usr/bin/ld -m elf_x86_64'
LDFLAGS=''
LIBOBJS=''
LIBS='-lm '
LIBS_PRIVATE='-lm '
LIBS_PUBLIC=''
LIBTOOL='$(SHELL) $(top_builddir)/libtool'
LIPO=''
LN_S='ln -s'
LTLIBOBJS=''
LT_SYS_LIBRARY_PATH=''
MAKEINFO='${SHELL} /home/anhld/Setup/bose/fdk-aac-0.1.5/missing makeinfo'
MANIFEST_TOOL=':'
MKDIR_P='/usr/bin/mkdir -p'
NM='/usr/bin/nm -B'
NMEDIT=''
OBJDUMP='objdump'
OBJEXT='o'
OTOOL64=''
OTOOL=''
PACKAGE='fdk-aac'
PACKAGE_BUGREPORT='http://sourceforge.net/projects/opencore-amr/'
PACKAGE_NAME='fdk-aac'
PACKAGE_STRING='fdk-aac 0.1.5'
PACKAGE_TARNAME='fdk-aac'
PACKAGE_URL=''
PACKAGE_VERSION='0.1.5'
PATH_SEPARATOR=':'
RANLIB='ranlib'
SED='/usr/bin/sed'
SET_MAKE=''
SHELL='/bin/sh'
STRIP='strip'
VERSION='0.1.5'
ac_ct_AR='ar'
ac_ct_CC='gcc'
ac_ct_CXX='g++'
ac_ct_DUMPBIN=''
am__EXEEXT_FALSE=''
am__EXEEXT_TRUE='#'
am__fastdepCC_FALSE='#'
am__fastdepCC_TRUE=''
am__fastdepCXX_FALSE='#'
am__fastdepCXX_TRUE=''
am__include='include'
am__isrc=''
am__leading_dot='.'
am__nodep='_no'
am__quote=''
am__tar='tar --format=ustar -chf - "$$tardir"'
am__untar='tar -xf -'
bindir='${exec_prefix}/bin'
build='x86_64-pc-linux-gnu'
build_alias=''
build_cpu='x86_64'
build_os='linux-gnu'
build_vendor='pc'
datadir='${datarootdir}'
datarootdir='${prefix}/share'
docdir='${datarootdir}/doc/${PACKAGE_TARNAME}'
dvidir='${docdir}'
exec_prefix='${prefix}'
host='x86_64-pc-linux-gnu'
host_alias=''
host_cpu='x86_64'
host_os='linux-gnu'
host_vendor='pc'
htmldir='${docdir}'
includedir='${prefix}/include'
infodir='${datarootdir}/info'
install_sh='${SHELL} /home/anhld/Setup/bose/fdk-aac-0.1.5/install-sh'
libdir='${exec_prefix}/lib'
libexecdir='${exec_prefix}/libexec'
localedir='${datarootdir}/locale'
localstatedir='${prefix}/var'
mandir='${datarootdir}/man'
mkdir_p='$(MKDIR_P)'
oldincludedir='/usr/include'
pdfdir='${docdir}'
prefix='/usr/local'
program_transform_name='s,x,x,'
psdir='${docdir}'
sbindir='${exec_prefix}/sbin'
sharedstatedir='${prefix}/com'
sysconfdir='${prefix}/etc'
target_alias=''

## ----------- ##
## confdefs.h. ##
## ----------- ##

/* confdefs.h */
#define PACKAGE_NAME "fdk-aac"
#define PACKAGE_TARNAME "fdk-aac"
#define PACKAGE_VERSION "0.1.5"
#define PACKAGE_STRING "fdk-aac 0.1.5"
#define PACKAGE_BUGREPORT "http://sourceforge.net/projects/opencore-amr/"
#define PACKAGE_URL ""
#define PACKAGE "fdk-aac"
#define VERSION "0.1.5"
#define STDC_HEADERS 1
#define HAVE_SYS_TYPES_H 1
#define HAVE_SYS_STAT_H 1
#define HAVE_STDLIB_H 1
#define HAVE_STRING_H 1
#define HAVE_MEMORY_H 1
#define HAVE_STRINGS_H 1
#define HAVE_INTTYPES_H 1
#define HAVE_STDINT_H 1
#define HAVE_UNISTD_H 1
#define HAVE_DLFCN_H 1
#define LT_OBJDIR ".libs/"

configure: exit 0

## ---------------------- ##
## Running config.status. ##
## ---------------------- ##

This file was extended by fdk-aac config.status 0.1.5, which was
generated by GNU Autoconf 2.69.  Invocation command line was

  CONFIG_FILES    = 
  CONFIG_HEADERS  = 
  CONFIG_LINKS    = 
  CONFIG_COMMANDS = 
  $ ./config.status 

on evolas

config.status:1075: creating Makefile
config.status:1075: creating fdk-aac.pc
config.status:1247: executing depfiles commands
config.status:1247: executing libtool commands
